<?xml version="1.0" encoding="UTF-8"?>
<!-- Generated by org.testng.reporters.JUnitReportReporter -->
<testsuite hostname="DAVE_Paris" name="Test.crosstest" tests="2" failures="0" timestamp="11 Feb 2016 16:46:47 GMT" time="215.601" errors="0">
  <testcase name="verifytitle" time="114.082" classname="Test.crosstest"/>
  <testcase name="verifytitle" time="101.519" classname="Test.crosstest"/>
</testsuite> <!-- Test.crosstest -->
