<?xml version="1.0" encoding="UTF-8"?>
<!-- Generated by org.testng.reporters.JUnitReportReporter -->
<testsuite hostname="DAVE_Paris" name="Test.Multitest" tests="1" failures="0" timestamp="20 Feb 2016 20:23:44 GMT" time="42.643" errors="0">
  <testcase name="switchwindow" time="42.643" classname="Test.Multitest"/>
</testsuite> <!-- Test.Multitest -->
