<?xml version="1.0" encoding="UTF-8"?>
<!-- Generated by org.testng.reporters.JUnitReportReporter -->
<testsuite hostname="DAVE_Paris" name="Test.Trivago" tests="1" failures="0" timestamp="11 Mar 2016 16:19:15 GMT" time="56.362" errors="0">
  <testcase name="TrivagoSearch" time="56.362" classname="Test.Trivago"/>
</testsuite> <!-- Test.Trivago -->
