<?xml version="1.0" encoding="UTF-8"?>
<!-- Generated by org.testng.reporters.JUnitReportReporter -->
<testsuite hostname="DAVE_Paris" name="Test.TestAlert" tests="1" failures="0" timestamp="19 Feb 2016 15:53:41 GMT" time="19.481" errors="0">
  <testcase name="handleAlert" time="19.481" classname="Test.TestAlert"/>
</testsuite> <!-- Test.TestAlert -->
